

****************************************************************

Initializing 4dx
Sizing to 320x240 at address 84ab9000 pitch 320
Using bitmap 0 for actor type 0
Actor physht = 64.000000. Bitmap w,h: (64,64)Sizing to 320x240 at address 84ab9000 pitch 320
Sizing to 320x240 at address 84ab9000 pitch 320
Sizing to 536x240 at address 84ab9000 pitch 536
Sizing to 536x267 at address 84ab9000 pitch 536
Sizing to 536x267 at address 84ab9000 pitch 536
Sizing to 320x240 at address 84ab9000 pitch 320


****************************************************************

Initializing 4dx
Using bitmap 0 for actor type 0
Actor physht = 64.000000. Bitmap w,h: (64,64)Sizing to 320x240 at address 84ab9000 pitch 320
Sizing to 320x240 at address 84ab9000 pitch 320
Sizing to 536x240 at address 84ab9000 pitch 536
Sizing to 536x267 at address 84ab9000 pitch 536
Sizing to 536x267 at address 84ab9000 pitch 536


****************************************************************

Initializing 4dx
Sizing to 320x240 at address 84ab9000 pitch 320
Using bitmap 0 for actor type 0
Actor physht = 64.000000. Bitmap w,h: (64,64)Sizing to 320x240 at address 84ab9000 pitch 320
Sizing to 320x240 at address 84ab9000 pitch 320
Sizing to 536x240 at address 84ab9000 pitch 536
Sizing to 536x267 at address 84ab9000 pitch 536
Sizing to 536x267 at address 84ab9000 pitch 536
Sizing to 320x240 at address 84ab9000 pitch 320


****************************************************************

Initializing 4dx
Using bitmap 0 for actor type 0
Actor physht = 64.000000. Bitmap w,h: (64,64)Sizing to 320x240 at address 84ab9000 pitch 320
Sizing to 320x240 at address 84ab9000 pitch 320
Sizing to 536x240 at address 84ab9000 pitch 536
Sizing to 536x267 at address 84ab9000 pitch 536
Sizing to 536x267 at address 84ab9000 pitch 536
Sizing to 320x240 at address 84ab9000 pitch 320


****************************************************************

Initializing 4dx
Using bitmap 0 for actor type 0
Actor physht = 64.000000. Bitmap w,h: (64,64)Sizing to 320x240 at address 84ab9000 pitch 320
Sizing to 320x240 at address 84ab9000 pitch 320
Sizing to 536x240 at address 84ab9000 pitch 536
Sizing to 536x267 at address 84ab9000 pitch 536
Sizing to 536x267 at address 84ab9000 pitch 536


****************************************************************

Initializing 4dx
Sizing to 320x240 at address 84ab9000 pitch 320
Using bitmap 0 for actor type 0
Actor physht = 64.000000. Bitmap w,h: (64,64)Sizing to 320x240 at address 84ab9000 pitch 320
Sizing to 320x240 at address 84ab9000 pitch 320
Sizing to 536x240 at address 84ab9000 pitch 536
Sizing to 536x267 at address 84ab9000 pitch 536
Sizing to 536x267 at address 84ab9000 pitch 536
Sizing to 320x240 at address 84ab9000 pitch 320


****************************************************************

Initializing 4dx
Using bitmap 0 for actor type 0
Actor physht = 64.000000. Bitmap w,h: (64,64)Sizing to 320x240 at address 84ab9000 pitch 320
Sizing to 320x240 at address 84ab9000 pitch 320
Sizing to 536x240 at address 84ab9000 pitch 536
Sizing to 536x267 at address 84ab9000 pitch 536
Sizing to 536x267 at address 84ab9000 pitch 536
Sizing to 320x240 at address 84ab9000 pitch 320


****************************************************************

Initializing 4dx
Using bitmap 0 for actor type 0
Actor physht = 64.000000. Bitmap w,h: (64,64)Sizing to 320x240 at address 84ab9000 pitch 320
Sizing to 320x240 at address 84ab9000 pitch 320
Sizing to 536x240 at address 84ab9000 pitch 536
Sizing to 536x267 at address 84ab9000 pitch 536
Sizing to 536x267 at address 84ab9000 pitch 536


****************************************************************

Initializing 4dx
Sizing to 320x240 at address 84ab9000 pitch 320
Using bitmap 0 for actor type 0
Actor physht = 64.000000. Bitmap w,h: (64,64)Sizing to 320x240 at address 84ab9000 pitch 320
Sizing to 320x240 at address 84ab9000 pitch 320
Sizing to 536x240 at address 84ab9000 pitch 536
Sizing to 536x267 at address 84ab9000 pitch 536
Sizing to 536x267 at address 84ab9000 pitch 536
Sizing to 320x240 at address 84ab9000 pitch 320


****************************************************************

Initializing 4dx
Using bitmap 0 for actor type 0
Actor physht = 64.000000. Bitmap w,h: (64,64)Sizing to 320x240 at address 84ab9000 pitch 320
Sizing to 320x240 at address 84ab9000 pitch 320
Sizing to 536x240 at address 84ab9000 pitch 536
Sizing to 536x267 at address 84ab9000 pitch 536
Sizing to 536x267 at address 84ab9000 pitch 536
Sizing to 320x240 at address 84ab9000 pitch 320


****************************************************************

Initializing 4dx
Using bitmap 0 for actor type 0
Actor physht = 64.000000. Bitmap w,h: (64,64)Sizing to 320x240 at address 84ab9000 pitch 320
Sizing to 320x240 at address 84ab9000 pitch 320
Sizing to 536x240 at address 84ab9000 pitch 536
Sizing to 536x267 at address 84ab9000 pitch 536
Sizing to 536x267 at address 84ab9000 pitch 536


****************************************************************

Initializing 4dx
Sizing to 320x240 at address 84ab9000 pitch 320
Using bitmap 0 for actor type 0
Actor physht = 64.000000. Bitmap w,h: (64,64)Sizing to 320x240 at address 84ab9000 pitch 320
Sizing to 320x240 at address 84ab9000 pitch 320
Sizing to 536x240 at address 84ab9000 pitch 536
Sizing to 536x267 at address 84ab9000 pitch 536
Sizing to 536x267 at address 84ab9000 pitch 536
Sizing to 320x240 at address 84ab9000 pitch 320


****************************************************************

Initializing 4dx
Using bitmap 0 for actor type 0
Actor physht = 64.000000. Bitmap w,h: (64,64)Sizing to 320x240 at address 84ab9000 pitch 320
Sizing to 320x240 at address 84ab9000 pitch 320
Sizing to 536x240 at address 84ab9000 pitch 536
Sizing to 536x267 at address 84ab9000 pitch 536
Sizing to 536x267 at address 84ab9000 pitch 536
Sizing to 320x240 at address 84ab9000 pitch 320


****************************************************************

Initializing 4dx
Using bitmap 0 for actor type 0
Actor physht = 64.000000. Bitmap w,h: (64,64)Sizing to 320x240 at address 84ab9000 pitch 320
Sizing to 320x240 at address 84ab9000 pitch 320
Sizing to 536x240 at address 84ab9000 pitch 536
Sizing to 536x267 at address 84ab9000 pitch 536
Sizing to 536x267 at address 84ab9000 pitch 536


****************************************************************

Initializing 4dx
Sizing to 320x240 at address 82c7f000 pitch 320
Using bitmap 0 for actor type 0
Actor physht = 64.000000. Bitmap w,h: (64,64)Sizing to 320x240 at address 82c7f000 pitch 320
Sizing to 320x240 at address 82c7f000 pitch 320
Sizing to 536x240 at address 82c7f000 pitch 536
Sizing to 536x267 at address 82c7f000 pitch 536
Sizing to 536x267 at address 82c7f000 pitch 536
Sizing to 320x240 at address 82c7f000 pitch 320


****************************************************************

Initializing 4dx
Using bitmap 0 for actor type 0
Actor physht = 64.000000. Bitmap w,h: (64,64)Sizing to 320x240 at address 82c7f000 pitch 320
Sizing to 320x240 at address 82c7f000 pitch 320
Sizing to 536x240 at address 82c7f000 pitch 536
Sizing to 536x267 at address 82c7f000 pitch 536
Sizing to 536x267 at address 82c7f000 pitch 536
Sizing to 320x240 at address 82c7f000 pitch 320


****************************************************************

Initializing 4dx
Using bitmap 0 for actor type 0
Actor physht = 64.000000. Bitmap w,h: (64,64)Sizing to 320x240 at address 82c7f000 pitch 320
Sizing to 320x240 at address 82c7f000 pitch 320
Sizing to 536x240 at address 82c7f000 pitch 536
Sizing to 536x267 at address 82c7f000 pitch 536
Sizing to 536x267 at address 82c7f000 pitch 536


****************************************************************

Initializing 4dx
Sizing to 320x240 at address 82c7f000 pitch 320
Using bitmap 0 for actor type 0
Actor physht = 64.000000. Bitmap w,h: (64,64)Sizing to 320x240 at address 82c7f000 pitch 320
Sizing to 320x240 at address 82c7f000 pitch 320
Sizing to 536x240 at address 82c7f000 pitch 536
Sizing to 536x267 at address 82c7f000 pitch 536
Sizing to 536x267 at address 82c7f000 pitch 536
Sizing to 320x240 at address 82c7f000 pitch 320


****************************************************************

Initializing 4dx
Using bitmap 0 for actor type 0
Actor physht = 64.000000. Bitmap w,h: (64,64)Sizing to 320x240 at address 82c7f000 pitch 320
Sizing to 320x240 at address 82c7f000 pitch 320
Sizing to 536x240 at address 82c7f000 pitch 536
Sizing to 536x267 at address 82c7f000 pitch 536
Sizing to 536x267 at address 82c7f000 pitch 536
Sizing to 320x240 at address 82c7f000 pitch 320


****************************************************************

Initializing 4dx
Using bitmap 0 for actor type 0
Actor physht = 64.000000. Bitmap w,h: (64,64)Sizing to 320x240 at address 82c7f000 pitch 320
Sizing to 320x240 at address 82c7f000 pitch 320
Sizing to 536x240 at address 82c7f000 pitch 536
Sizing to 536x267 at address 82c7f000 pitch 536
Sizing to 536x267 at address 82c7f000 pitch 536


****************************************************************

Initializing 4dx
Sizing to 320x240 at address 82c7f000 pitch 320
Using bitmap 0 for actor type 0
Actor physht = 64.000000. Bitmap w,h: (64,64)Sizing to 320x240 at address 82c7f000 pitch 320
Sizing to 320x240 at address 82c7f000 pitch 320
Sizing to 536x240 at address 82c7f000 pitch 536
Sizing to 536x267 at address 82c7f000 pitch 536
Sizing to 536x267 at address 82c7f000 pitch 536
Sizing to 320x240 at address 82c7f000 pitch 320


****************************************************************

Initializing 4dx
Using bitmap 0 for actor type 0
Actor physht = 64.000000. Bitmap w,h: (64,64)Sizing to 320x240 at address 82c7f000 pitch 320
Sizing to 320x240 at address 82c7f000 pitch 320
Sizing to 536x240 at address 82c7f000 pitch 536
Sizing to 536x267 at address 82c7f000 pitch 536
Sizing to 536x267 at address 82c7f000 pitch 536
Sizing to 320x240 at address 82c7f000 pitch 320


****************************************************************

Initializing 4dx
Using bitmap 0 for actor type 0
Actor physht = 64.000000. Bitmap w,h: (64,64)Sizing to 320x240 at address 82c7f000 pitch 320
Sizing to 320x240 at address 82c7f000 pitch 320
Sizing to 536x240 at address 82c7f000 pitch 536
Sizing to 536x267 at address 82c7f000 pitch 536
Sizing to 536x267 at address 82c7f000 pitch 536


****************************************************************

Initializing 4dx
Sizing to 320x240 at address 82c7f000 pitch 320
Using bitmap 0 for actor type 0
Actor physht = 64.000000. Bitmap w,h: (64,64)Sizing to 320x240 at address 82c7f000 pitch 320
Sizing to 320x240 at address 82c7f000 pitch 320
Sizing to 536x240 at address 82c7f000 pitch 536
Sizing to 536x267 at address 82c7f000 pitch 536
Sizing to 536x267 at address 82c7f000 pitch 536
Sizing to 320x240 at address 82c7f000 pitch 320


****************************************************************

Initializing 4dx
Using bitmap 0 for actor type 0
Actor physht = 64.000000. Bitmap w,h: (64,64)Sizing to 320x240 at address 82c7f000 pitch 320
Sizing to 320x240 at address 82c7f000 pitch 320
Sizing to 536x240 at address 82c7f000 pitch 536
Sizing to 536x267 at address 82c7f000 pitch 536
Sizing to 536x267 at address 82c7f000 pitch 536
Sizing to 320x240 at address 82c7f000 pitch 320


****************************************************************

Initializing 4dx
Using bitmap 0 for actor type 0
Actor physht = 64.000000. Bitmap w,h: (64,64)Sizing to 320x240 at address 82c7f000 pitch 320
Sizing to 320x240 at address 82c7f000 pitch 320
Sizing to 536x240 at address 82c7f000 pitch 536
Sizing to 536x267 at address 82c7f000 pitch 536
Sizing to 536x267 at address 82c7f000 pitch 536


****************************************************************

Initializing 4dx
Sizing to 320x240 at address 82c7f000 pitch 320
Using bitmap 0 for actor type 0
Actor physht = 64.000000. Bitmap w,h: (64,64)Sizing to 320x240 at address 82c7f000 pitch 320
Sizing to 320x240 at address 82c7f000 pitch 320
Sizing to 536x240 at address 82c7f000 pitch 536
Sizing to 536x267 at address 82c7f000 pitch 536
Sizing to 536x267 at address 82c7f000 pitch 536
Using bitmap 0 for actor type 0
Actor physht = 64.000000. Bitmap w,h: (64,64)Using bitmap 0 for actor type 0
Actor physht = 64.000000. Bitmap w,h: (64,64)Using bitmap 0 for actor type 0
Actor physht = 64.000000. Bitmap w,h: (64,64)Using bitmap 0 for actor type 0
Actor physht = 64.000000. Bitmap w,h: (64,64)Using bitmap 0 for actor type 0
Actor physht = 64.000000. Bitmap w,h: (64,64)Using bitmap 0 for actor type 0
Actor physht = 64.000000. Bitmap w,h: (64,64)Using bitmap 0 for actor type 0
Actor physht = 64.000000. Bitmap w,h: (64,64)

****************************************************************

Initializing 4dx
Sizing to 320x240 at address 825cd000 pitch 320
Using bitmap 0 for actor type 0
Actor physht = 64.000000. Bitmap w,h: (64,64)Sizing to 320x240 at address 825cd000 pitch 320
Sizing to 320x240 at address 825cd000 pitch 320
Sizing to 536x240 at address 825cd000 pitch 536
Sizing to 536x267 at address 825cd000 pitch 536
Sizing to 536x267 at address 825cd000 pitch 536
Using bitmap 0 for actor type 0
Actor physht = 64.000000. Bitmap w,h: (64,64)Using bitmap 0 for actor type 0
Actor physht = 64.000000. Bitmap w,h: (64,64)

****************************************************************

Initializing 4dx
Sizing to 320x240 at address 825cd000 pitch 320
Using bitmap 0 for actor type 0
Actor physht = 64.000000. Bitmap w,h: (64,64)Sizing to 320x240 at address 825cd000 pitch 320
Sizing to 320x240 at address 825cd000 pitch 320
Sizing to 536x240 at address 825cd000 pitch 536
Sizing to 536x267 at address 825cd000 pitch 536
Sizing to 536x267 at address 825cd000 pitch 536
Sizing to 320x240 at address 825cd000 pitch 320


****************************************************************

Initializing 4dx
Using bitmap 0 for actor type 0
Actor physht = 64.000000. Bitmap w,h: (64,64)Sizing to 320x240 at address 825cd000 pitch 320
Sizing to 320x240 at address 825cd000 pitch 320
Sizing to 536x240 at address 825cd000 pitch 536
Sizing to 536x267 at address 825cd000 pitch 536
Sizing to 536x267 at address 825cd000 pitch 536
Using bitmap 0 for actor type 0
Actor physht = 64.000000. Bitmap w,h: (64,64)Using bitmap 0 for actor type 0
Actor physht = 64.000000. Bitmap w,h: (64,64)

****************************************************************

Initializing 4dx
Sizing to 320x240 at address 825cd000 pitch 320
Using bitmap 0 for actor type 0
Actor physht = 64.000000. Bitmap w,h: (64,64)Sizing to 320x240 at address 825cd000 pitch 320
Sizing to 320x240 at address 825cd000 pitch 320
Sizing to 536x240 at address 825cd000 pitch 536
Sizing to 536x267 at address 825cd000 pitch 536
Sizing to 536x267 at address 825cd000 pitch 536


****************************************************************

Initializing 4dx
Sizing to 320x240 at address 825d4000 pitch 320
Using bitmap 0 for actor type 0
Actor physht = 64.000000. Bitmap w,h: (64,64)Sizing to 320x240 at address 825d4000 pitch 320
Sizing to 320x240 at address 825d4000 pitch 320
Sizing to 536x240 at address 8349e000 pitch 536
Sizing to 536x267 at address 8349e000 pitch 536
Sizing to 536x267 at address 8349e000 pitch 536
Sizing to 320x240 at address 825d4000 pitch 320


****************************************************************

Initializing 4dx
Using bitmap 0 for actor type 0
Actor physht = 64.000000. Bitmap w,h: (64,64)Sizing to 320x240 at address 825d4000 pitch 320
Sizing to 320x240 at address 825d4000 pitch 320
Sizing to 536x240 at address 82610000 pitch 536
Sizing to 536x267 at address 82610000 pitch 536
Sizing to 536x267 at address 82610000 pitch 536
Using bitmap 0 for actor type 0
Actor physht = 64.000000. Bitmap w,h: (64,64)Using bitmap 0 for actor type 0
Actor physht = 64.000000. Bitmap w,h: (64,64)

****************************************************************

Initializing 4dx
Sizing to 320x240 at address 825d4000 pitch 320
Using bitmap 0 for actor type 0
Actor physht = 64.000000. Bitmap w,h: (64,64)Sizing to 320x240 at address 825d4000 pitch 320
Sizing to 320x240 at address 825d4000 pitch 320
Sizing to 536x240 at address 82610000 pitch 536
Sizing to 536x267 at address 82610000 pitch 536
Sizing to 536x267 at address 82610000 pitch 536
Sizing to 320x240 at address 825d4000 pitch 320


****************************************************************

Initializing 4dx
Using bitmap 0 for actor type 0
Actor physht = 64.000000. Bitmap w,h: (64,64)Sizing to 320x240 at address 825d4000 pitch 320
Sizing to 320x240 at address 825d4000 pitch 320
Sizing to 536x240 at address 82610000 pitch 536
Sizing to 536x267 at address 82610000 pitch 536
Sizing to 536x267 at address 82610000 pitch 536
Using bitmap 0 for actor type 0
Actor physht = 64.000000. Bitmap w,h: (64,64)Using bitmap 0 for actor type 0
Actor physht = 64.000000. Bitmap w,h: (64,64)

****************************************************************

Initializing 4dx
Sizing to 320x240 at address 825d4000 pitch 320
Using bitmap 0 for actor type 0
Actor physht = 64.000000. Bitmap w,h: (64,64)Sizing to 320x240 at address 825d4000 pitch 320
Sizing to 320x240 at address 825d4000 pitch 320
Sizing to 536x240 at address 82610000 pitch 536
Sizing to 536x267 at address 82610000 pitch 536
Sizing to 536x267 at address 82610000 pitch 536
Sizing to 320x240 at address 825d4000 pitch 320


****************************************************************

Initializing 4dx
Using bitmap 0 for actor type 0
Actor physht = 64.000000. Bitmap w,h: (64,64)Sizing to 320x240 at address 825d4000 pitch 320
Sizing to 320x240 at address 825d4000 pitch 320
Sizing to 536x240 at address 82610000 pitch 536
Sizing to 536x267 at address 82610000 pitch 536
Sizing to 536x267 at address 82610000 pitch 536
Using bitmap 0 for actor type 0
Actor physht = 64.000000. Bitmap w,h: (64,64)Using bitmap 0 for actor type 0
Actor physht = 64.000000. Bitmap w,h: (64,64)

****************************************************************

Initializing 4dx
Sizing to 320x240 at address 825d4000 pitch 320
Using bitmap 0 for actor type 0
Actor physht = 64.000000. Bitmap w,h: (64,64)Sizing to 320x240 at address 825d4000 pitch 320
Sizing to 320x240 at address 825d4000 pitch 320
Sizing to 536x240 at address 82610000 pitch 536
Sizing to 536x267 at address 82610000 pitch 536
Sizing to 536x267 at address 82610000 pitch 536
Sizing to 320x240 at address 825d4000 pitch 320


****************************************************************

Initializing 4dx
Using bitmap 0 for actor type 0
Actor physht = 64.000000. Bitmap w,h: (64,64)Sizing to 320x240 at address 825d4000 pitch 320
Sizing to 320x240 at address 825d4000 pitch 320
Sizing to 536x240 at address 82610000 pitch 536
Sizing to 536x267 at address 82610000 pitch 536
Sizing to 536x267 at address 82610000 pitch 536
Using bitmap 0 for actor type 0
Actor physht = 64.000000. Bitmap w,h: (64,64)Using bitmap 0 for actor type 0
Actor physht = 64.000000. Bitmap w,h: (64,64)

****************************************************************

Initializing 4dx
Sizing to 320x240 at address 825d4000 pitch 320
Using bitmap 0 for actor type 0
Actor physht = 64.000000. Bitmap w,h: (64,64)Sizing to 320x240 at address 825d4000 pitch 320
Sizing to 320x240 at address 825d4000 pitch 320
Sizing to 536x240 at address 82610000 pitch 536
Sizing to 536x267 at address 82610000 pitch 536
Sizing to 536x267 at address 82610000 pitch 536


****************************************************************

Initializing 4dx
Sizing to 320x240 at address 825cd000 pitch 320
Using bitmap 0 for actor type 0
Actor physht = 64.000000. Bitmap w,h: (64,64)Sizing to 320x240 at address 825cd000 pitch 320
Sizing to 320x240 at address 825cd000 pitch 320
Sizing to 536x240 at address 825cd000 pitch 536
Sizing to 536x267 at address 825cd000 pitch 536
Sizing to 536x267 at address 825cd000 pitch 536
Using bitmap 0 for actor type 0
Actor physht = 64.000000. Bitmap w,h: (64,64)Using bitmap 0 for actor type 0
Actor physht = 64.000000. Bitmap w,h: (64,64)