Line 95: Class MediaPlayerCtl.MediaPlayer of control MediaPlayer1 was not a loaded control class.
Line 101: The property name AudioStream in MediaPlayer1 is invalid.
Line 103: The property name AutoStart in MediaPlayer1 is invalid.
Line 104: The property name AnimationAtStart in MediaPlayer1 is invalid.
Line 105: The property name AllowScan in MediaPlayer1 is invalid.
Line 106: The property name AllowChangeDisplaySize in MediaPlayer1 is invalid.
Line 107: The property name AutoRewind in MediaPlayer1 is invalid.
Line 108: The property name Balance in MediaPlayer1 is invalid.
Line 109: The property name BaseURL in MediaPlayer1 is invalid.
Line 110: The property name BufferingTime in MediaPlayer1 is invalid.
Line 111: The property name CaptioningID in MediaPlayer1 is invalid.
Line 112: The property name ClickToPlay in MediaPlayer1 is invalid.
Line 113: The property name CursorType in MediaPlayer1 is invalid.
Line 114: The property name CurrentPosition in MediaPlayer1 is invalid.
Line 115: The property name CurrentMarker in MediaPlayer1 is invalid.
Line 116: The property name DefaultFrame in MediaPlayer1 is invalid.
Line 118: Property DisplayBackColor in MediaPlayer1 could not be loaded.
Line 119: Property DisplayForeColor in MediaPlayer1 could not be loaded.
Line 119: The property name DisplayMode in MediaPlayer1 is invalid.
Line 120: The property name DisplaySize in MediaPlayer1 is invalid.
Line 122: The property name EnableContextMenu in MediaPlayer1 is invalid.
Line 123: The property name EnablePositionControls in MediaPlayer1 is invalid.
Line 124: The property name EnableFullScreenControls in MediaPlayer1 is invalid.
Line 125: The property name EnableTracker in MediaPlayer1 is invalid.
Line 126: The property name Filename in MediaPlayer1 is invalid.
Line 127: The property name InvokeURLs in MediaPlayer1 is invalid.
Line 128: The property name Language in MediaPlayer1 is invalid.
Line 129: The property name Mute in MediaPlayer1 is invalid.
Line 130: The property name PlayCount in MediaPlayer1 is invalid.
Line 131: The property name PreviewMode in MediaPlayer1 is invalid.
Line 132: The property name Rate in MediaPlayer1 is invalid.
Line 133: The property name SAMILang in MediaPlayer1 is invalid.
Line 134: The property name SAMIStyle in MediaPlayer1 is invalid.
Line 135: The property name SAMIFileName in MediaPlayer1 is invalid.
Line 136: The property name SelectionStart in MediaPlayer1 is invalid.
Line 137: The property name SelectionEnd in MediaPlayer1 is invalid.
Line 138: The property name SendOpenStateChangeEvents in MediaPlayer1 is invalid.
Line 139: The property name SendWarningEvents in MediaPlayer1 is invalid.
Line 140: The property name SendErrorEvents in MediaPlayer1 is invalid.
Line 141: The property name SendKeyboardEvents in MediaPlayer1 is invalid.
Line 142: The property name SendMouseClickEvents in MediaPlayer1 is invalid.
Line 143: The property name SendMouseMoveEvents in MediaPlayer1 is invalid.
Line 144: The property name SendPlayStateChangeEvents in MediaPlayer1 is invalid.
Line 145: The property name ShowCaptioning in MediaPlayer1 is invalid.
Line 146: The property name ShowControls in MediaPlayer1 is invalid.
Line 147: The property name ShowAudioControls in MediaPlayer1 is invalid.
Line 148: The property name ShowDisplay in MediaPlayer1 is invalid.
Line 149: The property name ShowGotoBar in MediaPlayer1 is invalid.
Line 150: The property name ShowPositionControls in MediaPlayer1 is invalid.
Line 151: The property name ShowStatusBar in MediaPlayer1 is invalid.
Line 152: The property name ShowTracker in MediaPlayer1 is invalid.
Line 153: The property name TransparentAtStart in MediaPlayer1 is invalid.
Line 154: The property name VideoBorderWidth in MediaPlayer1 is invalid.
Line 156: Property VideoBorderColor in MediaPlayer1 could not be loaded.
Line 156: The property name VideoBorder3D in MediaPlayer1 is invalid.
Line 157: The property name Volume in MediaPlayer1 is invalid.
Line 158: The property name WindowlessVideo in MediaPlayer1 is invalid.
